#
# There is insufficient memory for the Java Runtime Environment to continue.
# Native memory allocation (mmap) failed to map 130023424 bytes for G1 virtual space
# Possible reasons:
#   The system is out of physical RAM or swap space
#   The process is running with CompressedOops enabled, and the Java Heap may be blocking the growth of the native heap
# Possible solutions:
#   Reduce memory load on the system
#   Increase physical memory or swap space
#   Check if swap backing store is full
#   Decrease Java heap size (-Xmx/-Xms)
#   Decrease number of Java threads
#   Decrease Java thread stack sizes (-Xss)
#   Set larger code cache with -XX:ReservedCodeCacheSize=
#   JVM is running with Unscaled Compressed Oops mode in which the Java heap is
#     placed in the first 4GB address space. The Java Heap base address is the
#     maximum limit for the native heap growth. Please use -XX:HeapBaseMinAddress
#     to set the Java Heap base and to place the Java Heap above 4GB virtual address.
# This output file may be truncated or incomplete.
#
#  Out of Memory Error (./open/src/hotspot/os/windows/os_windows.cpp:3321), pid=24204, tid=1652
#
# JRE version:  (15.0.2+7) (build )
# Java VM: Java HotSpot(TM) 64-Bit Server VM (15.0.2+7-27, mixed mode, sharing, tiered, compressed oops, g1 gc, windows-amd64)
# No core dump will be written. Minidumps are not enabled by default on client versions of Windows
#

---------------  S U M M A R Y ------------

Command Line: -Dfile.encoding=Cp1252 -XX:+ShowCodeDetailsInExceptionMessages Main

Host: 11th Gen Intel(R) Core(TM) i5-1135G7 @ 2.40GHz, 8 cores, 7G,  Windows 10 , 64 bit Build 19041 (10.0.19041.928)
Time: Sun May 16 20:48:57 2021 SE Asia Standard Time elapsed time: 0.006915 seconds (0d 0h 0m 0s)

---------------  T H R E A D  ---------------

Current thread (0x0000017952571390):  JavaThread "Unknown thread" [_thread_in_vm, id=1652, stack(0x000000508c200000,0x000000508c300000)]

Stack: [0x000000508c200000,0x000000508c300000]
Native frames: (J=compiled Java code, j=interpreted, Vv=VM code, C=native code)
V  [jvm.dll+0x62ae9a]
V  [jvm.dll+0x7817a9]
V  [jvm.dll+0x782f03]
V  [jvm.dll+0x783563]
V  [jvm.dll+0x216325]
V  [jvm.dll+0x6281d9]
V  [jvm.dll+0x61cf55]
V  [jvm.dll+0x2cffdd]
V  [jvm.dll+0x2cfe42]
V  [jvm.dll+0x2d5e1c]
V  [jvm.dll+0x32590a]
V  [jvm.dll+0x324fd4]
V  [jvm.dll+0x2a6f5a]
V  [jvm.dll+0x2a80f8]
V  [jvm.dll+0x75e241]
V  [jvm.dll+0x3341c4]
V  [jvm.dll+0x73e926]
V  [jvm.dll+0x3b7557]
V  [jvm.dll+0x3b8fe1]
C  [jli.dll+0x52fb]
C  [ucrtbase.dll+0x21bb2]
C  [KERNEL32.DLL+0x17034]
C  [ntdll.dll+0x52651]


---------------  P R O C E S S  ---------------

Threads class SMR info:
_java_thread_list=0x00007ffbb45e4ff0, length=0, elements={
}

Java Threads: ( => current thread )

Other Threads:
  0x00000179525b2670 GCTaskThread "GC Thread#0" [stack: 0x000000508c300000,0x000000508c400000] [id=23044]
  0x00000179525c35a0 ConcurrentGCThread "G1 Main Marker" [stack: 0x000000508c400000,0x000000508c500000] [id=20184]
  0x00000179525c4190 ConcurrentGCThread "G1 Conc#0" [stack: 0x000000508c500000,0x000000508c600000] [id=23468]

[error occurred during error reporting (printing all threads), id 0xc0000005, EXCEPTION_ACCESS_VIOLATION (0xc0000005) at pc=0x00007ffbb3dd7e27]

VM state: not at safepoint (not fully initialized)

VM Mutex/Monitor currently owned by a thread:  ([mutex/lock_event])
[0x000001795256c0c0] Heap_lock - owner thread: 0x0000017952571390

Heap address: 0x0000000084e00000, size: 1970 MB, Compressed Oops mode: 32-bit
CDS archive(s) mapped at: [0x0000000000000000-0x0000000000000000-0x0000000000000000), size 0, SharedBaseAddress: 0x0000000800000000, ArchiveRelocationMode: 0.
Narrow klass base: 0x0000000000000000, Narrow klass shift: 0, Narrow klass range: 0x0

Heap:
 garbage-first heap   total 126976K, used 0K [0x0000000084e00000, 0x0000000100000000)
  region size 1024K, 0 young (0K), 0 survivors (0K)
 Metaspace       used 0K, capacity 0K, committed 0K, reserved 0K
  class space    used 0K, capacity 0K, committed 0K, reserved 0K

Heap Regions: E=young(eden), S=young(survivor), O=old, HS=humongous(starts), HC=humongous(continues), CS=collection set, F=free, OA=open archive, CA=closed archive, TAMS=top-at-mark-start (previous, next)

Card table byte_map: [0x0000017969ec0000,0x000001796a2a0000] _byte_map_base: 0x0000017969a99000

Marking Bits (Prev, Next): (CMBitMap*) 0x00000179525b2e60, (CMBitMap*) 0x00000179525b2ea0
 Prev Bits: [0x000001796a680000, 0x000001796c548000)
 Next Bits: [0x000001796c550000, 0x000001796e418000)

GC Heap History (0 events):
No events

Deoptimization events (0 events):
No events

Classes unloaded (0 events):
No events

Classes redefined (0 events):
No events

Internal exceptions (0 events):
No events

Events (1 events):
Event: 0.004 Loaded shared library C:\Program Files\Java\jdk-15.0.2\bin\java.dll


Dynamic libraries:
0x00007ff6aa080000 - 0x00007ff6aa08f000 	C:\Program Files\Java\jdk-15.0.2\bin\javaw.exe
0x00007ffc14550000 - 0x00007ffc14745000 	C:\WINDOWS\SYSTEM32\ntdll.dll
0x00007ffc13a30000 - 0x00007ffc13aed000 	C:\WINDOWS\System32\KERNEL32.DLL
0x00007ffc11df0000 - 0x00007ffc120b8000 	C:\WINDOWS\System32\KERNELBASE.dll
0x00007ffc120c0000 - 0x00007ffc121c0000 	C:\WINDOWS\System32\ucrtbase.dll
0x00007ffc07710000 - 0x00007ffc07729000 	C:\Program Files\Java\jdk-15.0.2\bin\VCRUNTIME140.dll
0x00007ffc07730000 - 0x00007ffc07748000 	C:\Program Files\Java\jdk-15.0.2\bin\jli.dll
0x00007ffc141d0000 - 0x00007ffc1427c000 	C:\WINDOWS\System32\ADVAPI32.dll
0x00007ffc13b70000 - 0x00007ffc13c0e000 	C:\WINDOWS\System32\msvcrt.dll
0x00007ffc14110000 - 0x00007ffc141ab000 	C:\WINDOWS\System32\sechost.dll
0x00007ffc14330000 - 0x00007ffc1445b000 	C:\WINDOWS\System32\RPCRT4.dll
0x00007ffc128c0000 - 0x00007ffc12a60000 	C:\WINDOWS\System32\USER32.dll
0x00007ffc12380000 - 0x00007ffc123a2000 	C:\WINDOWS\System32\win32u.dll
0x00007ffbf9e60000 - 0x00007ffbfa0fa000 	C:\WINDOWS\WinSxS\amd64_microsoft.windows.common-controls_6595b64144ccf1df_6.0.19041.844_none_ca00b6081b84eb1d\COMCTL32.dll
0x00007ffc12620000 - 0x00007ffc1264a000 	C:\WINDOWS\System32\GDI32.dll
0x00007ffc121c0000 - 0x00007ffc122cb000 	C:\WINDOWS\System32\gdi32full.dll
0x00007ffc12510000 - 0x00007ffc125ad000 	C:\WINDOWS\System32\msvcp_win.dll
0x00007ffc06b40000 - 0x00007ffc06b4a000 	C:\WINDOWS\SYSTEM32\VERSION.dll
0x00007ffc13c70000 - 0x00007ffc13ca0000 	C:\WINDOWS\System32\IMM32.DLL
0x00007ffc0b210000 - 0x00007ffc0b21c000 	C:\Program Files\Java\jdk-15.0.2\bin\vcruntime140_1.dll
0x00007ffc01820000 - 0x00007ffc018b1000 	C:\Program Files\Java\jdk-15.0.2\bin\msvcp140.dll
0x00007ffbb3b20000 - 0x00007ffbb467e000 	C:\Program Files\Java\jdk-15.0.2\bin\server\jvm.dll
0x00007ffc13af0000 - 0x00007ffc13af8000 	C:\WINDOWS\System32\PSAPI.DLL
0x00007ffbfb2a0000 - 0x00007ffbfb2c7000 	C:\WINDOWS\SYSTEM32\WINMM.dll
0x00007ffc08bc0000 - 0x00007ffc08bc9000 	C:\WINDOWS\SYSTEM32\WSOCK32.dll
0x00007ffc13b00000 - 0x00007ffc13b6b000 	C:\WINDOWS\System32\WS2_32.dll
0x00007ffc10560000 - 0x00007ffc10572000 	C:\WINDOWS\SYSTEM32\kernel.appcore.dll
0x00007ffc08480000 - 0x00007ffc0848a000 	C:\Program Files\Java\jdk-15.0.2\bin\jimage.dll
0x00007ffc0f9a0000 - 0x00007ffc0fb84000 	C:\WINDOWS\SYSTEM32\DBGHELP.DLL
0x00007ffbf7560000 - 0x00007ffbf758c000 	C:\WINDOWS\SYSTEM32\dbgcore.DLL
0x00007ffc11d40000 - 0x00007ffc11dc0000 	C:\WINDOWS\System32\bcryptPrimitives.dll
0x00007ffc076e0000 - 0x00007ffc07705000 	C:\Program Files\Java\jdk-15.0.2\bin\java.dll

dbghelp: loaded successfully - version: 4.0.5 - missing functions: none
symbol engine: initialized successfully - sym options: 0x614 - pdb path: .;C:\Program Files\Java\jdk-15.0.2\bin;C:\WINDOWS\SYSTEM32;C:\WINDOWS\WinSxS\amd64_microsoft.windows.common-controls_6595b64144ccf1df_6.0.19041.844_none_ca00b6081b84eb1d;C:\Program Files\Java\jdk-15.0.2\bin\server

VM Arguments:
jvm_args: -Dfile.encoding=Cp1252 -XX:+ShowCodeDetailsInExceptionMessages 
java_command: Main
java_class_path (initial): C:\Users\ASUS\eclipse-workspace\UI-manager\bin
Launcher Type: SUN_STANDARD

[Global flags]
     intx CICompilerCount                          = 4                                         {product} {ergonomic}
     uint ConcGCThreads                            = 2                                         {product} {ergonomic}
     uint G1ConcRefinementThreads                  = 8                                         {product} {ergonomic}
   size_t G1HeapRegionSize                         = 1048576                                   {product} {ergonomic}
    uintx GCDrainStackTargetSize                   = 64                                        {product} {ergonomic}
   size_t InitialHeapSize                          = 130023424                                 {product} {ergonomic}
   size_t MarkStackSize                            = 4194304                                   {product} {ergonomic}
   size_t MaxHeapSize                              = 2065694720                                {product} {ergonomic}
   size_t MinHeapDeltaBytes                        = 1048576                                   {product} {ergonomic}
   size_t MinHeapSize                              = 8388608                                   {product} {ergonomic}
    uintx NonNMethodCodeHeapSize                   = 5839372                                {pd product} {ergonomic}
    uintx NonProfiledCodeHeapSize                  = 122909434                              {pd product} {ergonomic}
    uintx ProfiledCodeHeapSize                     = 122909434                              {pd product} {ergonomic}
    uintx ReservedCodeCacheSize                    = 251658240                              {pd product} {ergonomic}
     bool SegmentedCodeCache                       = true                                      {product} {ergonomic}
     bool ShowCodeDetailsInExceptionMessages       = true                                   {manageable} {command line}
   size_t SoftMaxHeapSize                          = 2065694720                             {manageable} {ergonomic}
     bool UseCompressedClassPointers               = true                                 {lp64_product} {ergonomic}
     bool UseCompressedOops                        = true                                 {lp64_product} {ergonomic}
     bool UseG1GC                                  = true                                      {product} {ergonomic}
     bool UseLargePagesIndividualAllocation        = false                                  {pd product} {ergonomic}

Logging:
Log output configuration:
 #0: stdout all=warning uptime,level,tags
 #1: stderr all=off uptime,level,tags

Environment Variables:
JAVA_HOME=C:\Program Files\Java\jdk-15.0.2\lib
PATH=C:\Program Files\Common Files\Oracle\Java\javapath;C:\Windows\system32;C:\Windows;C:\Windows\System32\Wbem;C:\Windows\System32\WindowsPowerShell\v1.0\;C:\Windows\System32\OpenSSH\;C:\WINDOWS\system32;C:\WINDOWS;C:\WINDOWS\System32\Wbem;C:\WINDOWS\System32\WindowsPowerShell\v1.0\;C:\WINDOWS\System32\OpenSSH\;C:\Users\ASUS\AppData\Roaming\Microsoft\Windows\Start Menu\Programs\Python 3.9;C:\Program Files\nodejs\;C:\Users\ASUS\AppData\Local\Programs\Python\Python39;C:\Program Files\Git\cmd;C:\Program Files\MySQL\MySQL Shell 8.0\bin\;C:\Users\ASUS\AppData\Local\Programs\Python\Python39\Scripts\;C:\Users\ASUS\AppData\Local\Programs\Python\Python39\;C:\Users\ASUS\AppData\Local\Microsoft\WindowsApps;C:\Users\ASUS\AppData\Local\Programs\Microsoft VS Code\bin;C:\Users\ASUS\AppData\Roaming\Microsoft\Windows\Start Menu\Programs\Python 3.9;C:\Users\ASUS\AppData\Roaming\npm;C:\Users\ASUS\AppData\Local\Programs\Python\Python39;C:\ProgramData\ASUS\GitHubDesktop\bin;C:\Program Files\flutter\bin;C:\Users\ASUS\AppData\Local\Android\Sdk\tools;C:\Users\ASUS\AppData\Local\Android\Sdk\platform-tools;C:\Users\ASUS\Documents\Java\ojdbc10-full\ojdbc10.jar;C:\Users\ASUS\AppData\Local\GitHubDesktop\bin
USERNAME=ASUS
OS=Windows_NT
PROCESSOR_IDENTIFIER=Intel64 Family 6 Model 140 Stepping 1, GenuineIntel



---------------  S Y S T E M  ---------------

OS:
 Windows 10 , 64 bit Build 19041 (10.0.19041.928)
OS uptime: 13 days 0:46 hours

CPU: total 8 (initial active 8) (4 cores per cpu, 2 threads per core) family 6 model 140 stepping 1 microcode 0x60, cmov, cx8, fxsr, mmx, sse, sse2, sse3, ssse3, sse4.1, sse4.2, popcnt, vzeroupper, avx, avx2, aes, clmul, erms, 3dnowpref, lzcnt, ht, tsc, tscinvbit, bmi1, bmi2, adx, avx512f, avx512dq, avx512cd, avx512bw, avx512vl, avx512_vpopcntdq, avx512_vpclmulqdq, avx512_vbmi, avx512_vbmi2, avx512_vaes, avx512_vnni, sha, fma, clflush, clflushopt, clwb

Memory: 4k page, system-wide physical 7873M (668M free)
TotalPageFile size 32449M (AvailPageFile size 82M)
current process WorkingSet (physical memory assigned to process): 10M, peak: 10M
current process commit charge ("private bytes"): 60M, peak: 184M

vm_info: Java HotSpot(TM) 64-Bit Server VM (15.0.2+7-27) for windows-amd64 JRE (15.0.2+7-27), built on Dec  7 2020 20:07:01 by "mach5one" with unknown MS VC++:1925

END.
